0 info it worked if it ends with ok
1 verbose cli [ 'C:\\Program Files\\nodejs\\node.exe',
1 verbose cli   'C:\\Users\\Michael Mason\\AppData\\Roaming\\npm\\node_modules\\npm\\bin\\npm-cli.js',
1 verbose cli   'install',
1 verbose cli   'bulma',
1 verbose cli   'development/lib',
1 verbose cli   '--save-dev' ]
2 info using npm@4.0.5
3 info using node@v4.5.0
4 silly loadCurrentTree Starting
5 silly install loadCurrentTree
6 silly install readLocalPackageData
7 silly fetchPackageMetaData bulma@^0.6.1
8 silly fetchPackageMetaData development/lib
9 silly fetchNamedPackageData bulma
10 silly mapToRegistry name bulma
11 silly mapToRegistry using default registry
12 silly mapToRegistry registry https://registry.npmjs.org/
13 silly mapToRegistry data Result {
13 silly mapToRegistry   raw: 'bulma',
13 silly mapToRegistry   scope: null,
13 silly mapToRegistry   escapedName: 'bulma',
13 silly mapToRegistry   name: 'bulma',
13 silly mapToRegistry   rawSpec: '',
13 silly mapToRegistry   spec: 'latest',
13 silly mapToRegistry   type: 'tag' }
14 silly mapToRegistry uri https://registry.npmjs.org/bulma
15 silly fetchOtherPackageData development/lib
16 silly cache add args [ 'development/lib', null ]
17 verbose cache add spec development/lib
18 silly cache add parsed spec Result {
18 silly cache add   raw: 'development/lib',
18 silly cache add   scope: null,
18 silly cache add   escapedName: null,
18 silly cache add   name: null,
18 silly cache add   rawSpec: 'development/lib',
18 silly cache add   spec: 'github:development/lib',
18 silly cache add   type: 'hosted',
18 silly cache add   hosted:
18 silly cache add    { type: 'github',
18 silly cache add      ssh: 'git@github.com:development/lib.git',
18 silly cache add      sshUrl: 'git+ssh://git@github.com/development/lib.git',
18 silly cache add      httpsUrl: 'git+https://github.com/development/lib.git',
18 silly cache add      gitUrl: 'git://github.com/development/lib.git',
18 silly cache add      shortcut: 'github:development/lib',
18 silly cache add      directUrl: 'https://raw.githubusercontent.com/development/lib/master/package.json' } }
19 verbose addRemoteGit caching development/lib
20 verbose addRemoteGit development/lib is a repository hosted by github
21 silly tryGitProto attempting to clone git://github.com/development/lib.git
22 silly tryClone cloning development/lib via git://github.com/development/lib.git
23 verbose tryClone git-github-com-development-lib-git-e44fc156 not in flight; caching
24 verbose correctMkdir C:\Users\Michael Mason\AppData\Roaming\npm-cache\_git-remotes correctMkdir not in flight; initializing
25 verbose request uri https://registry.npmjs.org/bulma
26 verbose request no auth needed
27 info attempt registry request try #1 at 11:53:43 AM
28 verbose request id 3f79887d74fcc6dc
29 verbose etag W/"5a045cad-15849"
30 verbose lastModified Thu, 09 Nov 2017 13:48:29 GMT
31 http request GET https://registry.npmjs.org/bulma
32 verbose makeDirectory C:\Users\Michael Mason\AppData\Roaming\npm-cache\_git-remotes creation not in flight; initializing
33 verbose makeCacheDir UID & GID are irrelevant on win32
34 info git [ 'clone',
34 info git   '--template=C:\\Users\\Michael Mason\\AppData\\Roaming\\npm-cache\\_git-remotes\\_templates',
34 info git   '--mirror',
34 info git   'git://github.com/development/lib.git',
34 info git   'C:\\Users\\Michael Mason\\AppData\\Roaming\\npm-cache\\_git-remotes\\git-github-com-development-lib-git-e44fc156' ]
35 http 304 https://registry.npmjs.org/bulma
36 verbose headers { date: 'Wed, 15 Nov 2017 11:53:44 GMT',
36 verbose headers   via: '1.1 varnish',
36 verbose headers   'cache-control': 'max-age=300',
36 verbose headers   etag: 'W/"5a045cad-15849"',
36 verbose headers   age: '297',
36 verbose headers   connection: 'keep-alive',
36 verbose headers   'x-served-by': 'cache-lcy19222-LCY',
36 verbose headers   'x-cache': 'HIT',
36 verbose headers   'x-cache-hits': '1',
36 verbose headers   'x-timer': 'S1510746824.293377,VS0,VE0',
36 verbose headers   vary: 'Accept-Encoding, Accept' }
37 silly get cb [ 304,
37 silly get   { date: 'Wed, 15 Nov 2017 11:53:44 GMT',
37 silly get     via: '1.1 varnish',
37 silly get     'cache-control': 'max-age=300',
37 silly get     etag: 'W/"5a045cad-15849"',
37 silly get     age: '297',
37 silly get     connection: 'keep-alive',
37 silly get     'x-served-by': 'cache-lcy19222-LCY',
37 silly get     'x-cache': 'HIT',
37 silly get     'x-cache-hits': '1',
37 silly get     'x-timer': 'S1510746824.293377,VS0,VE0',
37 silly get     vary: 'Accept-Encoding, Accept' } ]
38 verbose etag https://registry.npmjs.org/bulma from cache
39 verbose get saving bulma to C:\Users\Michael Mason\AppData\Roaming\npm-cache\registry.npmjs.org\bulma\.cache.json
40 verbose correctMkdir C:\Users\Michael Mason\AppData\Roaming\npm-cache correctMkdir not in flight; initializing
41 verbose git clone --template=C:\Users\Michael Mason\AppData\Roaming\npm-cache\_git-remotes\_templates --mirror git://github.com/development/lib.git C:\Users\Michael Mason\AppData\Roaming\npm-cache\_git-remotes\git-github-com-development-lib-git-e44fc156: Cloning into bare repository 'C:\Users\Michael Mason\AppData\Roaming\npm-cache\_git-remotes\git-github-com-development-lib-git-e44fc156'...
41 verbose git clone --template=C:\Users\Michael Mason\AppData\Roaming\npm-cache\_git-remotes\_templates --mirror git://github.com/development/lib.git C:\Users\Michael Mason\AppData\Roaming\npm-cache\_git-remotes\git-github-com-development-lib-git-e44fc156: fatal: remote error:
41 verbose git clone --template=C:\Users\Michael Mason\AppData\Roaming\npm-cache\_git-remotes\_templates --mirror git://github.com/development/lib.git C:\Users\Michael Mason\AppData\Roaming\npm-cache\_git-remotes\git-github-com-development-lib-git-e44fc156:   Repository not found.
42 silly tryHTTPS attempting to clone git+https://github.com/development/lib.git
43 silly tryClone cloning development/lib via git+https://github.com/development/lib.git
44 verbose tryClone git-https-github-com-development-lib-git-08055fd8 not in flight; caching
45 verbose correctMkdir C:\Users\Michael Mason\AppData\Roaming\npm-cache\_git-remotes correctMkdir not in flight; initializing
46 info git [ 'clone',
46 info git   '--template=C:\\Users\\Michael Mason\\AppData\\Roaming\\npm-cache\\_git-remotes\\_templates',
46 info git   '--mirror',
46 info git   'https://github.com/development/lib.git',
46 info git   'C:\\Users\\Michael Mason\\AppData\\Roaming\\npm-cache\\_git-remotes\\git-https-github-com-development-lib-git-08055fd8' ]
47 verbose git clone --template=C:\Users\Michael Mason\AppData\Roaming\npm-cache\_git-remotes\_templates --mirror https://github.com/development/lib.git C:\Users\Michael Mason\AppData\Roaming\npm-cache\_git-remotes\git-https-github-com-development-lib-git-08055fd8: Cloning into bare repository 'C:\Users\Michael Mason\AppData\Roaming\npm-cache\_git-remotes\git-https-github-com-development-lib-git-08055fd8'...
47 verbose git clone --template=C:\Users\Michael Mason\AppData\Roaming\npm-cache\_git-remotes\_templates --mirror https://github.com/development/lib.git C:\Users\Michael Mason\AppData\Roaming\npm-cache\_git-remotes\git-https-github-com-development-lib-git-08055fd8: remote: Repository not found.
47 verbose git clone --template=C:\Users\Michael Mason\AppData\Roaming\npm-cache\_git-remotes\_templates --mirror https://github.com/development/lib.git C:\Users\Michael Mason\AppData\Roaming\npm-cache\_git-remotes\git-https-github-com-development-lib-git-08055fd8: fatal: repository 'https://github.com/development/lib.git/' not found
48 silly trySSH attempting to clone git@github.com:development/lib.git
49 silly tryClone cloning development/lib via git@github.com:development/lib.git
50 verbose tryClone git-github-com-development-lib-git-c9758593 not in flight; caching
51 verbose correctMkdir C:\Users\Michael Mason\AppData\Roaming\npm-cache\_git-remotes correctMkdir not in flight; initializing
52 info git [ 'clone',
52 info git   '--template=C:\\Users\\Michael Mason\\AppData\\Roaming\\npm-cache\\_git-remotes\\_templates',
52 info git   '--mirror',
52 info git   'git@github.com:development/lib.git',
52 info git   'C:\\Users\\Michael Mason\\AppData\\Roaming\\npm-cache\\_git-remotes\\git-github-com-development-lib-git-c9758593' ]
53 error git clone --template=C:\Users\Michael Mason\AppData\Roaming\npm-cache\_git-remotes\_templates --mirror git@github.com:development/lib.git C:\Users\Michael Mason\AppData\Roaming\npm-cache\_git-remotes\git-github-com-development-lib-git-c9758593: Cloning into bare repository 'C:\Users\Michael Mason\AppData\Roaming\npm-cache\_git-remotes\git-github-com-development-lib-git-c9758593'...
53 error git clone --template=C:\Users\Michael Mason\AppData\Roaming\npm-cache\_git-remotes\_templates --mirror git@github.com:development/lib.git C:\Users\Michael Mason\AppData\Roaming\npm-cache\_git-remotes\git-github-com-development-lib-git-c9758593: Permission denied (publickey).
53 error git clone --template=C:\Users\Michael Mason\AppData\Roaming\npm-cache\_git-remotes\_templates --mirror git@github.com:development/lib.git C:\Users\Michael Mason\AppData\Roaming\npm-cache\_git-remotes\git-github-com-development-lib-git-c9758593: fatal: Could not read from remote repository.
53 error git clone --template=C:\Users\Michael Mason\AppData\Roaming\npm-cache\_git-remotes\_templates --mirror git@github.com:development/lib.git C:\Users\Michael Mason\AppData\Roaming\npm-cache\_git-remotes\git-github-com-development-lib-git-c9758593:
53 error git clone --template=C:\Users\Michael Mason\AppData\Roaming\npm-cache\_git-remotes\_templates --mirror git@github.com:development/lib.git C:\Users\Michael Mason\AppData\Roaming\npm-cache\_git-remotes\git-github-com-development-lib-git-c9758593: Please make sure you have the correct access rights
53 error git clone --template=C:\Users\Michael Mason\AppData\Roaming\npm-cache\_git-remotes\_templates --mirror git@github.com:development/lib.git C:\Users\Michael Mason\AppData\Roaming\npm-cache\_git-remotes\git-github-com-development-lib-git-c9758593: and the repository exists.
54 silly fetchPackageMetaData Error: Command failed: git -c core.longpaths=true clone --template=C:\Users\Michael Mason\AppData\Roaming\npm-cache\_git-remotes\_templates --mirror git@github.com:development/lib.git C:\Users\Michael Mason\AppData\Roaming\npm-cache\_git-remotes\git-github-com-development-lib-git-c9758593
54 silly fetchPackageMetaData Cloning into bare repository 'C:\Users\Michael Mason\AppData\Roaming\npm-cache\_git-remotes\git-github-com-development-lib-git-c9758593'...
54 silly fetchPackageMetaData Permission denied (publickey).
54 silly fetchPackageMetaData fatal: Could not read from remote repository.
54 silly fetchPackageMetaData
54 silly fetchPackageMetaData Please make sure you have the correct access rights
54 silly fetchPackageMetaData and the repository exists.
54 silly fetchPackageMetaData
54 silly fetchPackageMetaData     at ChildProcess.exithandler (child_process.js:213:12)
54 silly fetchPackageMetaData     at emitTwo (events.js:87:13)
54 silly fetchPackageMetaData     at ChildProcess.emit (events.js:172:7)
54 silly fetchPackageMetaData     at maybeClose (internal/child_process.js:829:16)
54 silly fetchPackageMetaData     at Process.ChildProcess._handle.onexit (internal/child_process.js:211:5)
54 silly fetchPackageMetaData  error for development/lib { [Error: Command failed: git -c core.longpaths=true clone --template=C:\Users\Michael Mason\AppData\Roaming\npm-cache\_git-remotes\_templates --mirror git@github.com:development/lib.git C:\Users\Michael Mason\AppData\Roaming\npm-cache\_git-remotes\git-github-com-development-lib-git-c9758593
54 silly fetchPackageMetaData Cloning into bare repository 'C:\Users\Michael Mason\AppData\Roaming\npm-cache\_git-remotes\git-github-com-development-lib-git-c9758593'...
54 silly fetchPackageMetaData Permission denied (publickey).
54 silly fetchPackageMetaData fatal: Could not read from remote repository.
54 silly fetchPackageMetaData
54 silly fetchPackageMetaData Please make sure you have the correct access rights
54 silly fetchPackageMetaData and the repository exists.
54 silly fetchPackageMetaData ]
54 silly fetchPackageMetaData   killed: false,
54 silly fetchPackageMetaData   code: 128,
54 silly fetchPackageMetaData   signal: null,
54 silly fetchPackageMetaData   cmd: 'git -c core.longpaths=true clone --template=C:\\Users\\Michael Mason\\AppData\\Roaming\\npm-cache\\_git-remotes\\_templates --mirror git@github.com:development/lib.git C:\\Users\\Michael Mason\\AppData\\Roaming\\npm-cache\\_git-remotes\\git-github-com-development-lib-git-c9758593' }
55 silly rollbackFailedOptional Starting
56 silly rollbackFailedOptional Finishing
57 silly runTopLevelLifecycles Finishing
58 silly install printInstalled
59 verbose stack Error: Command failed: git -c core.longpaths=true clone --template=C:\Users\Michael Mason\AppData\Roaming\npm-cache\_git-remotes\_templates --mirror git@github.com:development/lib.git C:\Users\Michael Mason\AppData\Roaming\npm-cache\_git-remotes\git-github-com-development-lib-git-c9758593
59 verbose stack Cloning into bare repository 'C:\Users\Michael Mason\AppData\Roaming\npm-cache\_git-remotes\git-github-com-development-lib-git-c9758593'...
59 verbose stack Permission denied (publickey).
59 verbose stack fatal: Could not read from remote repository.
59 verbose stack
59 verbose stack Please make sure you have the correct access rights
59 verbose stack and the repository exists.
59 verbose stack
59 verbose stack     at ChildProcess.exithandler (child_process.js:213:12)
59 verbose stack     at emitTwo (events.js:87:13)
59 verbose stack     at ChildProcess.emit (events.js:172:7)
59 verbose stack     at maybeClose (internal/child_process.js:829:16)
59 verbose stack     at Process.ChildProcess._handle.onexit (internal/child_process.js:211:5)
60 verbose cwd C:\Users\Michael Mason\Documents\Working\VCU Medical\3.0 Development\vcu-school-of-medicine-2017
61 error Windows_NT 6.3.9600
62 error argv "C:\\Program Files\\nodejs\\node.exe" "C:\\Users\\Michael Mason\\AppData\\Roaming\\npm\\node_modules\\npm\\bin\\npm-cli.js" "install" "bulma" "development/lib" "--save-dev"
63 error node v4.5.0
64 error npm  v4.0.5
65 error code 128
66 error Command failed: git -c core.longpaths=true clone --template=C:\Users\Michael Mason\AppData\Roaming\npm-cache\_git-remotes\_templates --mirror git@github.com:development/lib.git C:\Users\Michael Mason\AppData\Roaming\npm-cache\_git-remotes\git-github-com-development-lib-git-c9758593
66 error Cloning into bare repository 'C:\Users\Michael Mason\AppData\Roaming\npm-cache\_git-remotes\git-github-com-development-lib-git-c9758593'...
66 error Permission denied (publickey).
66 error fatal: Could not read from remote repository.
66 error
66 error Please make sure you have the correct access rights
66 error and the repository exists.
67 error If you need help, you may report this error at:
67 error     <https://github.com/npm/npm/issues>
68 verbose exit [ 1, true ]
